--------------------------------------------------------------------------------
Release 14.6 Trace  (nt64)
Copyright (c) 1995-2013 Xilinx, Inc.  All rights reserved.

C:\Xilinx\14.6\ISE_DS\ISE\bin\nt64\unwrapped\trce.exe -intstyle ise -v 3 -s 2
-n 3 -fastpaths -xml timer_counter.twx timer_counter.ncd -o timer_counter.twr
timer_counter.pcf

Design file:              timer_counter.ncd
Physical constraint file: timer_counter.pcf
Device,package,speed:     xc6slx45,fgg676,C,-2 (PRODUCTION 1.23 2013-06-08)
Report level:             verbose report

Environment Variable      Effect 
--------------------      ------ 
NONE                      No environment variables were set
--------------------------------------------------------------------------------

INFO:Timing:2698 - No timing constraints found, doing default enumeration.
INFO:Timing:3412 - To improve timing, see the Timing Closure User Guide (UG612).
INFO:Timing:2752 - To get complete path coverage, use the unconstrained paths 
   option. All paths that are not constrained will be reported in the 
   unconstrained paths section(s) of the report.
INFO:Timing:3339 - The clock-to-out numbers in this timing report are based on 
   a 50 Ohm transmission line loading model.  For the details of this model, 
   and for more information on accounting for different loading conditions, 
   please see the device datasheet.



Data Sheet report:
-----------------
All values displayed in nanoseconds (ns)

Setup/Hold to clock clk_i
------------+------------+------------+------------+------------+------------------+--------+
            |Max Setup to|  Process   |Max Hold to |  Process   |                  | Clock  |
Source      | clk (edge) |   Corner   | clk (edge) |   Corner   |Internal Clock(s) | Phase  |
------------+------------+------------+------------+------------+------------------+--------+
cnt_en_i    |    2.065(R)|      SLOW  |    0.492(R)|      SLOW  |clk_i_BUFGP       |   0.000|
cnt_rst_i   |    1.033(R)|      SLOW  |    0.632(R)|      SLOW  |clk_i_BUFGP       |   0.000|
one_sec_i   |    1.963(R)|      SLOW  |    0.593(R)|      SLOW  |clk_i_BUFGP       |   0.000|
rst_i       |    0.846(R)|      SLOW  |    0.718(R)|      SLOW  |clk_i_BUFGP       |   0.000|
------------+------------+------------+------------+------------+------------------+--------+

Clock clk_i to Pad
------------+-----------------+------------+-----------------+------------+------------------+--------+
            |Max (slowest) clk|  Process   |Min (fastest) clk|  Process   |                  | Clock  |
Destination |  (edge) to PAD  |   Corner   |  (edge) to PAD  |   Corner   |Internal Clock(s) | Phase  |
------------+-----------------+------------+-----------------+------------+------------------+--------+
led_o<0>    |         9.605(R)|      SLOW  |         3.990(R)|      FAST  |clk_i_BUFGP       |   0.000|
led_o<1>    |         9.682(R)|      SLOW  |         4.051(R)|      FAST  |clk_i_BUFGP       |   0.000|
led_o<2>    |         9.424(R)|      SLOW  |         3.937(R)|      FAST  |clk_i_BUFGP       |   0.000|
led_o<3>    |         9.115(R)|      SLOW  |         3.763(R)|      FAST  |clk_i_BUFGP       |   0.000|
led_o<4>    |         9.502(R)|      SLOW  |         3.966(R)|      FAST  |clk_i_BUFGP       |   0.000|
led_o<5>    |         9.241(R)|      SLOW  |         3.803(R)|      FAST  |clk_i_BUFGP       |   0.000|
led_o<6>    |         9.373(R)|      SLOW  |         3.913(R)|      FAST  |clk_i_BUFGP       |   0.000|
led_o<7>    |         9.537(R)|      SLOW  |         3.999(R)|      FAST  |clk_i_BUFGP       |   0.000|
------------+-----------------+------------+-----------------+------------+------------------+--------+

Clock to Setup on destination clock clk_i
---------------+---------+---------+---------+---------+
               | Src:Rise| Src:Fall| Src:Rise| Src:Fall|
Source Clock   |Dest:Rise|Dest:Rise|Dest:Fall|Dest:Fall|
---------------+---------+---------+---------+---------+
clk_i          |    2.638|         |         |         |
---------------+---------+---------+---------+---------+


Analysis completed Thu Mar 01 11:49:51 2018 
--------------------------------------------------------------------------------

Trace Settings:
-------------------------
Trace Settings 

Peak Memory Usage: 261 MB



