--------------------------------------------------------------------------------
Release 14.6 Trace  (nt64)
Copyright (c) 1995-2013 Xilinx, Inc.  All rights reserved.

G:\xilinx\14.6\ISE_DS\ISE\bin\nt64\unwrapped\trce.exe -intstyle ise -v 3 -s 2
-n 3 -fastpaths -xml timer_counter_preroute.twx timer_counter_map.ncd -o
timer_counter_preroute.twr timer_counter.pcf -ucf
C:/Users/NN/Desktop/LPRS2/lab1/projects/1_basic/src/boards/E2LP.ucf

Design file:              timer_counter_map.ncd
Physical constraint file: timer_counter.pcf
Device,package,speed:     xc6slx45,fgg676,C,-2 (PRODUCTION 1.23 2013-06-08)
Report level:             verbose report

Environment Variable      Effect 
--------------------      ------ 
NONE                      No environment variables were set
--------------------------------------------------------------------------------

INFO:Timing:2698 - No timing constraints found, doing default enumeration.
INFO:Timing:3412 - To improve timing, see the Timing Closure User Guide (UG612).
INFO:Timing:2752 - To get complete path coverage, use the unconstrained paths 
   option. All paths that are not constrained will be reported in the 
   unconstrained paths section(s) of the report.
INFO:Timing:3284 - This timing report was generated using estimated delay 
   information.  For accurate numbers, please refer to the post Place and Route 
   timing report.
INFO:Timing:3339 - The clock-to-out numbers in this timing report are based on 
   a 50 Ohm transmission line loading model.  For the details of this model, 
   and for more information on accounting for different loading conditions, 
   please see the device datasheet.



Data Sheet report:
-----------------
All values displayed in nanoseconds (ns)

Setup/Hold to clock clk_i
------------+------------+------------+------------+------------+------------------+--------+
            |Max Setup to|  Process   |Max Hold to |  Process   |                  | Clock  |
Source      | clk (edge) |   Corner   | clk (edge) |   Corner   |Internal Clock(s) | Phase  |
------------+------------+------------+------------+------------+------------------+--------+
cnt_en_i    |    0.870(R)|      SLOW  |    0.594(R)|      SLOW  |clk_i_BUFGP       |   0.000|
cnt_rst_i   |    0.138(R)|      SLOW  |    0.592(R)|      SLOW  |clk_i_BUFGP       |   0.000|
one_sec_i   |    0.725(R)|      SLOW  |    0.830(R)|      SLOW  |clk_i_BUFGP       |   0.000|
rst_i       |   -0.241(R)|      SLOW  |    0.713(R)|      SLOW  |clk_i_BUFGP       |   0.000|
------------+------------+------------+------------+------------+------------------+--------+

Clock clk_i to Pad
------------+-----------------+------------+-----------------+------------+------------------+--------+
            |Max (slowest) clk|  Process   |Min (fastest) clk|  Process   |                  | Clock  |
Destination |  (edge) to PAD  |   Corner   |  (edge) to PAD  |   Corner   |Internal Clock(s) | Phase  |
------------+-----------------+------------+-----------------+------------+------------------+--------+
led_o<0>    |         9.447(R)|      SLOW  |         6.986(R)|      FAST  |clk_i_BUFGP       |   0.000|
led_o<1>    |         9.691(R)|      SLOW  |         7.211(R)|      FAST  |clk_i_BUFGP       |   0.000|
led_o<2>    |         9.328(R)|      SLOW  |         6.867(R)|      FAST  |clk_i_BUFGP       |   0.000|
led_o<3>    |         9.081(R)|      SLOW  |         6.679(R)|      FAST  |clk_i_BUFGP       |   0.000|
led_o<4>    |         9.524(R)|      SLOW  |         7.122(R)|      FAST  |clk_i_BUFGP       |   0.000|
led_o<5>    |         9.264(R)|      SLOW  |         6.862(R)|      FAST  |clk_i_BUFGP       |   0.000|
led_o<6>    |         9.304(R)|      SLOW  |         6.902(R)|      FAST  |clk_i_BUFGP       |   0.000|
led_o<7>    |         9.458(R)|      SLOW  |         7.056(R)|      FAST  |clk_i_BUFGP       |   0.000|
------------+-----------------+------------+-----------------+------------+------------------+--------+

Clock to Setup on destination clock clk_i
---------------+---------+---------+---------+---------+
               | Src:Rise| Src:Fall| Src:Rise| Src:Fall|
Source Clock   |Dest:Rise|Dest:Rise|Dest:Fall|Dest:Fall|
---------------+---------+---------+---------+---------+
clk_i          |    2.550|         |         |         |
---------------+---------+---------+---------+---------+


Analysis completed Sat Mar 03 17:05:20 2018 
--------------------------------------------------------------------------------

Trace Settings:
-------------------------
Trace Settings 

Peak Memory Usage: 330 MB



